<?xml version="1.0" encoding="UTF-8"?>
<!-- Generated by org.testng.reporters.JUnitReportReporter -->
<testsuite hostname="AubayPT" failures="0" tests="1" name="flight.Booking.bookingToMalaga" time="185.889" errors="0" timestamp="2020-05-30T21:26:34 WEST" skipped="0">
  <testcase classname="flight.Booking.bookingToMalaga" name="test_FlightBookings" time="185.889"/>
  <system-out/>
</testsuite> <!-- flight.Booking.bookingToMalaga -->
